# JRE version: OpenJDK Runtime Environment (17.0.6) (build 17.0.6+0-b2043.56-10027231)
# Java VM: OpenJDK 64-Bit Server VM (17.0.6+0-b2043.56-10027231, mixed mode, tiered, compressed oops, compressed class ptrs, g1 gc, windows-amd64)
GC Precious Log:
 CPUs: 8 total, 8 available
 Memory: 16258M
 Large Page Support: Disabled
 NUMA Support: Disabled
 Compressed Oops: Enabled (32-bit)
 Heap Region Size: 1M
 Heap Min Capacity: 8M
 Heap Initial Capacity: 256M
 Heap Max Capacity: 2G
 Pre-touch: Disabled
 Parallel Workers: 8
 Concurrent Workers: 2
 Concurrent Refinement Workers: 8
 Periodic GC: Disabled
Heap:
 garbage-first heap   total 347136K, used 196770K [0x0000000080000000, 0x0000000100000000)
  region size 1024K, 2 young (2048K), 2 survivors (2048K)
 Metaspace       used 105539K, committed 106368K, reserved 1146880K
  class space    used 14411K, committed 14784K, reserved 1048576K
GC Heap History (20 events):
Event: 8.481 GC heap after
{Heap after GC invocations=33 (full 0):
 garbage-first heap   total 144384K, used 73043K [0x0000000080000000, 0x0000000100000000)
  region size 1024K, 1 young (1024K), 1 survivors (1024K)
 Metaspace       used 79551K, committed 80128K, reserved 1122304K
  class space    used 10682K, committed 10944K, reserved 1048576K
}
Event: 9.020 GC heap before
{Heap before GC invocations=33 (full 0):
 garbage-first heap   total 144384K, used 111955K [0x0000000080000000, 0x0000000100000000)
  region size 1024K, 39 young (39936K), 1 survivors (1024K)
 Metaspace       used 83105K, committed 83712K, reserved 1122304K
  class space    used 11269K, committed 11584K, reserved 1048576K
}
Event: 9.025 GC heap after
{Heap after GC invocations=34 (full 0):
 garbage-first heap   total 275456K, used 75427K [0x0000000080000000, 0x0000000100000000)
  region size 1024K, 4 young (4096K), 4 survivors (4096K)
 Metaspace       used 83105K, committed 83712K, reserved 1122304K
  class space    used 11269K, committed 11584K, reserved 1048576K
}
Event: 10.780 GC heap before
{Heap before GC invocations=35 (full 0):
 garbage-first heap   total 275456K, used 206499K [0x0000000080000000, 0x0000000100000000)
  region size 1024K, 132 young (135168K), 4 survivors (4096K)
 Metaspace       used 93204K, committed 93952K, reserved 1130496K
  class space    used 12729K, committed 13056K, reserved 1048576K
}
Event: 10.795 GC heap after
{Heap after GC invocations=36 (full 0):
 garbage-first heap   total 275456K, used 86975K [0x0000000080000000, 0x0000000100000000)
  region size 1024K, 15 young (15360K), 15 survivors (15360K)
 Metaspace       used 93204K, committed 93952K, reserved 1130496K
  class space    used 12729K, committed 13056K, reserved 1048576K
}
Event: 10.808 GC heap before
{Heap before GC invocations=36 (full 0):
 garbage-first heap   total 275456K, used 87999K [0x0000000080000000, 0x0000000100000000)
  region size 1024K, 16 young (16384K), 15 survivors (15360K)
 Metaspace       used 93204K, committed 93952K, reserved 1130496K
  class space    used 12729K, committed 13056K, reserved 1048576K
}
Event: 10.820 GC heap after
{Heap after GC invocations=37 (full 0):
 garbage-first heap   total 275456K, used 88385K [0x0000000080000000, 0x0000000100000000)
  region size 1024K, 2 young (2048K), 2 survivors (2048K)
 Metaspace       used 93204K, committed 93952K, reserved 1130496K
  class space    used 12729K, committed 13056K, reserved 1048576K
}
Event: 12.001 GC heap before
{Heap before GC invocations=37 (full 0):
 garbage-first heap   total 275456K, used 205121K [0x0000000080000000, 0x0000000100000000)
  region size 1024K, 117 young (119808K), 2 survivors (2048K)
 Metaspace       used 95613K, committed 96320K, reserved 1138688K
  class space    used 13151K, committed 13440K, reserved 1048576K
}
Event: 12.011 GC heap after
{Heap after GC invocations=38 (full 0):
 garbage-first heap   total 275456K, used 100167K [0x0000000080000000, 0x0000000100000000)
  region size 1024K, 14 young (14336K), 14 survivors (14336K)
 Metaspace       used 95613K, committed 96320K, reserved 1138688K
  class space    used 13151K, committed 13440K, reserved 1048576K
}
Event: 13.163 GC heap before
{Heap before GC invocations=38 (full 0):
 garbage-first heap   total 275456K, used 208711K [0x0000000080000000, 0x0000000100000000)
  region size 1024K, 121 young (123904K), 14 survivors (14336K)
 Metaspace       used 98607K, committed 99392K, reserved 1138688K
  class space    used 13518K, committed 13888K, reserved 1048576K
}
Event: 13.176 GC heap after
{Heap after GC invocations=39 (full 0):
 garbage-first heap   total 275456K, used 109016K [0x0000000080000000, 0x0000000100000000)
  region size 1024K, 11 young (11264K), 11 survivors (11264K)
 Metaspace       used 98607K, committed 99392K, reserved 1138688K
  class space    used 13518K, committed 13888K, reserved 1048576K
}
Event: 14.345 GC heap before
{Heap before GC invocations=39 (full 0):
 garbage-first heap   total 275456K, used 238040K [0x0000000080000000, 0x0000000100000000)
  region size 1024K, 114 young (116736K), 11 survivors (11264K)
 Metaspace       used 104883K, committed 105600K, reserved 1146880K
  class space    used 14308K, committed 14656K, reserved 1048576K
}
Event: 14.356 GC heap after
{Heap after GC invocations=40 (full 0):
 garbage-first heap   total 275456K, used 145301K [0x0000000080000000, 0x0000000100000000)
  region size 1024K, 14 young (14336K), 14 survivors (14336K)
 Metaspace       used 104883K, committed 105600K, reserved 1146880K
  class space    used 14308K, committed 14656K, reserved 1048576K
}
Event: 14.409 GC heap before
{Heap before GC invocations=40 (full 0):
 garbage-first heap   total 275456K, used 187285K [0x0000000080000000, 0x0000000100000000)
  region size 1024K, 27 young (27648K), 14 survivors (14336K)
 Metaspace       used 105256K, committed 105984K, reserved 1146880K
  class space    used 14367K, committed 14720K, reserved 1048576K
}
Event: 14.422 GC heap after
{Heap after GC invocations=41 (full 0):
 garbage-first heap   total 275456K, used 166963K [0x0000000080000000, 0x0000000100000000)
  region size 1024K, 7 young (7168K), 7 survivors (7168K)
 Metaspace       used 105256K, committed 105984K, reserved 1146880K
  class space    used 14367K, committed 14720K, reserved 1048576K
}
Event: 14.425 GC heap before
{Heap before GC invocations=41 (full 0):
 garbage-first heap   total 275456K, used 170035K [0x0000000080000000, 0x0000000100000000)
  region size 1024K, 10 young (10240K), 7 survivors (7168K)
 Metaspace       used 105258K, committed 105984K, reserved 1146880K
  class space    used 14367K, committed 14720K, reserved 1048576K
}
Event: 14.427 GC heap after
{Heap after GC invocations=42 (full 0):
 garbage-first heap   total 275456K, used 166164K [0x0000000080000000, 0x0000000100000000)
  region size 1024K, 2 young (2048K), 2 survivors (2048K)
 Metaspace       used 105258K, committed 105984K, reserved 1146880K
  class space    used 14367K, committed 14720K, reserved 1048576K
}
Event: 15.187 GC heap before
{Heap before GC invocations=43 (full 0):
 garbage-first heap   total 347136K, used 243988K [0x0000000080000000, 0x0000000100000000)
  region size 1024K, 50 young (51200K), 2 survivors (2048K)
 Metaspace       used 105539K, committed 106368K, reserved 1146880K
  class space    used 14411K, committed 14784K, reserved 1048576K
}
Event: 15.204 GC heap after
{Heap after GC invocations=44 (full 0):
 garbage-first heap   total 347136K, used 194560K [0x0000000080000000, 0x0000000100000000)
  region size 1024K, 7 young (7168K), 7 survivors (7168K)
 Metaspace       used 105539K, committed 106368K, reserved 1146880K
  class space    used 14411K, committed 14784K, reserved 1048576K
}
Event: 15.296 GC heap before
{Heap before GC invocations=44 (full 0):
 garbage-first heap   total 347136K, used 202752K [0x0000000080000000, 0x0000000100000000)
  region size 1024K, 16 young (16384K), 7 survivors (7168K)
 Metaspace       used 105539K, committed 106368K, reserved 1146880K
  class space    used 14411K, committed 14784K, reserved 1048576K
}

