# JRE version: OpenJDK Runtime Environment (17.0.6) (build 17.0.6+0-b2043.56-10027231)
# Java VM: OpenJDK 64-Bit Server VM (17.0.6+0-b2043.56-10027231, mixed mode, tiered, compressed oops, compressed class ptrs, g1 gc, windows-amd64)
GC Precious Log:
 CPUs: 8 total, 8 available
 Memory: 16258M
 Large Page Support: Disabled
 NUMA Support: Disabled
 Compressed Oops: Enabled (32-bit)
 Heap Region Size: 1M
 Heap Min Capacity: 8M
 Heap Initial Capacity: 256M
 Heap Max Capacity: 2G
 Pre-touch: Disabled
 Parallel Workers: 8
 Concurrent Workers: 2
 Concurrent Refinement Workers: 8
 Periodic GC: Disabled
Heap:
 garbage-first heap   total 396288K, used 316258K [0x0000000080000000, 0x0000000100000000)
  region size 1024K, 4 young (4096K), 4 survivors (4096K)
 Metaspace       used 109843K, committed 110656K, reserved 1146880K
  class space    used 15195K, committed 15616K, reserved 1048576K
GC Heap History (20 events):
Event: 13.230 GC heap after
{Heap after GC invocations=29 (full 0):
 garbage-first heap   total 219136K, used 98866K [0x0000000080000000, 0x0000000100000000)
  region size 1024K, 11 young (11264K), 11 survivors (11264K)
 Metaspace       used 95495K, committed 96192K, reserved 1138688K
  class space    used 13140K, committed 13440K, reserved 1048576K
}
Event: 13.684 GC heap before
{Heap before GC invocations=29 (full 0):
 garbage-first heap   total 219136K, used 169522K [0x0000000080000000, 0x0000000100000000)
  region size 1024K, 81 young (82944K), 11 survivors (11264K)
 Metaspace       used 96129K, committed 96896K, reserved 1138688K
  class space    used 13193K, committed 13568K, reserved 1048576K
}
Event: 13.693 GC heap after
{Heap after GC invocations=30 (full 0):
 garbage-first heap   total 219136K, used 104731K [0x0000000080000000, 0x0000000100000000)
  region size 1024K, 7 young (7168K), 7 survivors (7168K)
 Metaspace       used 96129K, committed 96896K, reserved 1138688K
  class space    used 13193K, committed 13568K, reserved 1048576K
}
Event: 14.255 GC heap before
{Heap before GC invocations=30 (full 0):
 garbage-first heap   total 219136K, used 172315K [0x0000000080000000, 0x0000000100000000)
  region size 1024K, 74 young (75776K), 7 survivors (7168K)
 Metaspace       used 97713K, committed 98496K, reserved 1138688K
  class space    used 13409K, committed 13760K, reserved 1048576K
}
Event: 14.261 GC heap after
{Heap after GC invocations=31 (full 0):
 garbage-first heap   total 219136K, used 110243K [0x0000000080000000, 0x0000000100000000)
  region size 1024K, 8 young (8192K), 8 survivors (8192K)
 Metaspace       used 97713K, committed 98496K, reserved 1138688K
  class space    used 13409K, committed 13760K, reserved 1048576K
}
Event: 14.697 GC heap before
{Heap before GC invocations=31 (full 0):
 garbage-first heap   total 219136K, used 172707K [0x0000000080000000, 0x0000000100000000)
  region size 1024K, 70 young (71680K), 8 survivors (8192K)
 Metaspace       used 101084K, committed 101888K, reserved 1138688K
  class space    used 13859K, committed 14208K, reserved 1048576K
}
Event: 14.708 GC heap after
{Heap after GC invocations=32 (full 0):
 garbage-first heap   total 219136K, used 115458K [0x0000000080000000, 0x0000000100000000)
  region size 1024K, 7 young (7168K), 7 survivors (7168K)
 Metaspace       used 101084K, committed 101888K, reserved 1138688K
  class space    used 13859K, committed 14208K, reserved 1048576K
}
Event: 15.396 GC heap before
{Heap before GC invocations=32 (full 0):
 garbage-first heap   total 219136K, used 177922K [0x0000000080000000, 0x0000000100000000)
  region size 1024K, 49 young (50176K), 7 survivors (7168K)
 Metaspace       used 102229K, committed 102976K, reserved 1138688K
  class space    used 13933K, committed 14272K, reserved 1048576K
}
Event: 15.407 GC heap after
{Heap after GC invocations=33 (full 0):
 garbage-first heap   total 396288K, used 143995K [0x0000000080000000, 0x0000000100000000)
  region size 1024K, 9 young (9216K), 9 survivors (9216K)
 Metaspace       used 102229K, committed 102976K, reserved 1138688K
  class space    used 13933K, committed 14272K, reserved 1048576K
}
Event: 15.708 GC heap before
{Heap before GC invocations=33 (full 0):
 garbage-first heap   total 396288K, used 228987K [0x0000000080000000, 0x0000000100000000)
  region size 1024K, 40 young (40960K), 9 survivors (9216K)
 Metaspace       used 105339K, committed 106112K, reserved 1146880K
  class space    used 14378K, committed 14720K, reserved 1048576K
}
Event: 15.714 GC heap after
{Heap after GC invocations=34 (full 0):
 garbage-first heap   total 396288K, used 175759K [0x0000000080000000, 0x0000000100000000)
  region size 1024K, 17 young (17408K), 17 survivors (17408K)
 Metaspace       used 105339K, committed 106112K, reserved 1146880K
  class space    used 14378K, committed 14720K, reserved 1048576K
}
Event: 17.137 GC heap before
{Heap before GC invocations=34 (full 0):
 garbage-first heap   total 396288K, used 297615K [0x0000000080000000, 0x0000000100000000)
  region size 1024K, 124 young (126976K), 17 survivors (17408K)
 Metaspace       used 108267K, committed 109056K, reserved 1146880K
  class space    used 14980K, committed 15360K, reserved 1048576K
}
Event: 17.179 GC heap after
{Heap after GC invocations=35 (full 0):
 garbage-first heap   total 396288K, used 222245K [0x0000000080000000, 0x0000000100000000)
  region size 1024K, 16 young (16384K), 16 survivors (16384K)
 Metaspace       used 108267K, committed 109056K, reserved 1146880K
  class space    used 14980K, committed 15360K, reserved 1048576K
}
Event: 17.538 GC heap before
{Heap before GC invocations=35 (full 0):
 garbage-first heap   total 396288K, used 296997K [0x0000000080000000, 0x0000000100000000)
  region size 1024K, 89 young (91136K), 16 survivors (16384K)
 Metaspace       used 108512K, committed 109312K, reserved 1146880K
  class space    used 14989K, committed 15360K, reserved 1048576K
}
Event: 17.595 GC heap after
{Heap after GC invocations=36 (full 0):
 garbage-first heap   total 396288K, used 260904K [0x0000000080000000, 0x0000000100000000)
  region size 1024K, 12 young (12288K), 12 survivors (12288K)
 Metaspace       used 108512K, committed 109312K, reserved 1146880K
  class space    used 14989K, committed 15360K, reserved 1048576K
}
Event: 17.727 GC heap before
{Heap before GC invocations=36 (full 0):
 garbage-first heap   total 396288K, used 309032K [0x0000000080000000, 0x0000000100000000)
  region size 1024K, 59 young (60416K), 12 survivors (12288K)
 Metaspace       used 108524K, committed 109312K, reserved 1146880K
  class space    used 14989K, committed 15360K, reserved 1048576K
}
Event: 17.768 GC heap after
{Heap after GC invocations=37 (full 0):
 garbage-first heap   total 396288K, used 287074K [0x0000000080000000, 0x0000000100000000)
  region size 1024K, 8 young (8192K), 8 survivors (8192K)
 Metaspace       used 108524K, committed 109312K, reserved 1146880K
  class space    used 14989K, committed 15360K, reserved 1048576K
}
Event: 17.909 GC heap before
{Heap before GC invocations=37 (full 0):
 garbage-first heap   total 396288K, used 318818K [0x0000000080000000, 0x0000000100000000)
  region size 1024K, 40 young (40960K), 8 survivors (8192K)
 Metaspace       used 108527K, committed 109312K, reserved 1146880K
  class space    used 14989K, committed 15360K, reserved 1048576K
}
Event: 17.936 GC heap after
{Heap after GC invocations=38 (full 0):
 garbage-first heap   total 396288K, used 305506K [0x0000000080000000, 0x0000000100000000)
  region size 1024K, 5 young (5120K), 5 survivors (5120K)
 Metaspace       used 108527K, committed 109312K, reserved 1146880K
  class space    used 14989K, committed 15360K, reserved 1048576K
}
Event: 18.275 GC heap before
{Heap before GC invocations=38 (full 0):
 garbage-first heap   total 396288K, used 327010K [0x0000000080000000, 0x0000000100000000)
  region size 1024K, 27 young (27648K), 5 survivors (5120K)
 Metaspace       used 109843K, committed 110656K, reserved 1146880K
  class space    used 15195K, committed 15616K, reserved 1048576K
}

