# JRE version: OpenJDK Runtime Environment (17.0.6) (build 17.0.6+0-b2043.56-10027231)
# Java VM: OpenJDK 64-Bit Server VM (17.0.6+0-b2043.56-10027231, mixed mode, tiered, compressed oops, compressed class ptrs, g1 gc, windows-amd64)
GC Precious Log:
 CPUs: 8 total, 8 available
 Memory: 16258M
 Large Page Support: Disabled
 NUMA Support: Disabled
 Compressed Oops: Enabled (32-bit)
 Heap Region Size: 1M
 Heap Min Capacity: 8M
 Heap Initial Capacity: 256M
 Heap Max Capacity: 2G
 Pre-touch: Disabled
 Parallel Workers: 8
 Concurrent Workers: 2
 Concurrent Refinement Workers: 8
 Periodic GC: Disabled
Heap:
 garbage-first heap   total 346112K, used 274432K [0x0000000080000000, 0x0000000100000000)
  region size 1024K, 4 young (4096K), 4 survivors (4096K)
 Metaspace       used 108346K, committed 109184K, reserved 1146880K
  class space    used 14955K, committed 15360K, reserved 1048576K
GC Heap History (20 events):
Event: 12.600 GC heap after
{Heap after GC invocations=33 (full 0):
 garbage-first heap   total 153600K, used 90399K [0x0000000080000000, 0x0000000100000000)
  region size 1024K, 6 young (6144K), 6 survivors (6144K)
 Metaspace       used 93247K, committed 93888K, reserved 1130496K
  class space    used 12739K, committed 13056K, reserved 1048576K
}
Event: 12.981 GC heap before
{Heap before GC invocations=34 (full 0):
 garbage-first heap   total 167936K, used 125215K [0x0000000080000000, 0x0000000100000000)
  region size 1024K, 40 young (40960K), 6 survivors (6144K)
 Metaspace       used 94552K, committed 95232K, reserved 1138688K
  class space    used 12978K, committed 13312K, reserved 1048576K
}
Event: 12.992 GC heap after
{Heap after GC invocations=35 (full 0):
 garbage-first heap   total 167936K, used 95510K [0x0000000080000000, 0x0000000100000000)
  region size 1024K, 5 young (5120K), 5 survivors (5120K)
 Metaspace       used 94552K, committed 95232K, reserved 1138688K
  class space    used 12978K, committed 13312K, reserved 1048576K
}
Event: 13.047 GC heap before
{Heap before GC invocations=35 (full 0):
 garbage-first heap   total 167936K, used 98582K [0x0000000080000000, 0x0000000100000000)
  region size 1024K, 8 young (8192K), 5 survivors (5120K)
 Metaspace       used 94636K, committed 95360K, reserved 1138688K
  class space    used 12979K, committed 13312K, reserved 1048576K
}
Event: 13.057 GC heap after
{Heap after GC invocations=36 (full 0):
 garbage-first heap   total 167936K, used 96057K [0x0000000080000000, 0x0000000100000000)
  region size 1024K, 1 young (1024K), 1 survivors (1024K)
 Metaspace       used 94636K, committed 95360K, reserved 1138688K
  class space    used 12979K, committed 13312K, reserved 1048576K
}
Event: 13.363 GC heap before
{Heap before GC invocations=36 (full 0):
 garbage-first heap   total 167936K, used 137017K [0x0000000080000000, 0x0000000100000000)
  region size 1024K, 41 young (41984K), 1 survivors (1024K)
 Metaspace       used 95370K, committed 96128K, reserved 1138688K
  class space    used 13117K, committed 13440K, reserved 1048576K
}
Event: 13.369 GC heap after
{Heap after GC invocations=37 (full 0):
 garbage-first heap   total 167936K, used 100768K [0x0000000080000000, 0x0000000100000000)
  region size 1024K, 6 young (6144K), 6 survivors (6144K)
 Metaspace       used 95370K, committed 96128K, reserved 1138688K
  class space    used 13117K, committed 13440K, reserved 1048576K
}
Event: 13.630 GC heap before
{Heap before GC invocations=37 (full 0):
 garbage-first heap   total 167936K, used 136608K [0x0000000080000000, 0x0000000100000000)
  region size 1024K, 42 young (43008K), 6 survivors (6144K)
 Metaspace       used 95645K, committed 96384K, reserved 1138688K
  class space    used 13143K, committed 13440K, reserved 1048576K
}
Event: 13.638 GC heap after
{Heap after GC invocations=38 (full 0):
 garbage-first heap   total 335872K, used 103311K [0x0000000080000000, 0x0000000100000000)
  region size 1024K, 5 young (5120K), 5 survivors (5120K)
 Metaspace       used 95645K, committed 96384K, reserved 1138688K
  class space    used 13143K, committed 13440K, reserved 1048576K
}
Event: 15.092 GC heap before
{Heap before GC invocations=38 (full 0):
 garbage-first heap   total 335872K, used 247695K [0x0000000080000000, 0x0000000100000000)
  region size 1024K, 147 young (150528K), 5 survivors (5120K)
 Metaspace       used 100282K, committed 101120K, reserved 1138688K
  class space    used 13731K, committed 14144K, reserved 1048576K
}
Event: 15.107 GC heap after
{Heap after GC invocations=39 (full 0):
 garbage-first heap   total 335872K, used 113284K [0x0000000080000000, 0x0000000100000000)
  region size 1024K, 15 young (15360K), 15 survivors (15360K)
 Metaspace       used 100282K, committed 101120K, reserved 1138688K
  class space    used 13731K, committed 14144K, reserved 1048576K
}
Event: 16.119 GC heap before
{Heap before GC invocations=39 (full 0):
 garbage-first heap   total 335872K, used 248452K [0x0000000080000000, 0x0000000100000000)
  region size 1024K, 93 young (95232K), 15 survivors (15360K)
 Metaspace       used 105193K, committed 105984K, reserved 1146880K
  class space    used 14355K, committed 14720K, reserved 1048576K
}
Event: 16.133 GC heap after
{Heap after GC invocations=40 (full 0):
 garbage-first heap   total 335872K, used 166108K [0x0000000080000000, 0x0000000100000000)
  region size 1024K, 18 young (18432K), 18 survivors (18432K)
 Metaspace       used 105193K, committed 105984K, reserved 1146880K
  class space    used 14355K, committed 14720K, reserved 1048576K
}
Event: 17.031 GC heap before
{Heap before GC invocations=40 (full 0):
 garbage-first heap   total 335872K, used 294108K [0x0000000080000000, 0x0000000100000000)
  region size 1024K, 112 young (114688K), 18 survivors (18432K)
 Metaspace       used 105989K, committed 106816K, reserved 1146880K
  class space    used 14475K, committed 14912K, reserved 1048576K
}
Event: 17.061 GC heap after
{Heap after GC invocations=41 (full 0):
 garbage-first heap   total 346112K, used 212673K [0x0000000080000000, 0x0000000100000000)
  region size 1024K, 14 young (14336K), 14 survivors (14336K)
 Metaspace       used 105989K, committed 106816K, reserved 1146880K
  class space    used 14475K, committed 14912K, reserved 1048576K
}
Event: 17.517 GC heap before
{Heap before GC invocations=41 (full 0):
 garbage-first heap   total 346112K, used 271041K [0x0000000080000000, 0x0000000100000000)
  region size 1024K, 72 young (73728K), 14 survivors (14336K)
 Metaspace       used 108294K, committed 109120K, reserved 1146880K
  class space    used 14955K, committed 15360K, reserved 1048576K
}
Event: 17.553 GC heap after
{Heap after GC invocations=42 (full 0):
 garbage-first heap   total 346112K, used 240573K [0x0000000080000000, 0x0000000100000000)
  region size 1024K, 9 young (9216K), 9 survivors (9216K)
 Metaspace       used 108294K, committed 109120K, reserved 1146880K
  class space    used 14955K, committed 15360K, reserved 1048576K
}
Event: 17.692 GC heap before
{Heap before GC invocations=42 (full 0):
 garbage-first heap   total 346112K, used 276413K [0x0000000080000000, 0x0000000100000000)
  region size 1024K, 45 young (46080K), 9 survivors (9216K)
 Metaspace       used 108340K, committed 109184K, reserved 1146880K
  class space    used 14955K, committed 15360K, reserved 1048576K
}
Event: 17.718 GC heap after
{Heap after GC invocations=43 (full 0):
 garbage-first heap   total 346112K, used 260608K [0x0000000080000000, 0x0000000100000000)
  region size 1024K, 6 young (6144K), 6 survivors (6144K)
 Metaspace       used 108340K, committed 109184K, reserved 1146880K
  class space    used 14955K, committed 15360K, reserved 1048576K
}
Event: 17.855 GC heap before
{Heap before GC invocations=43 (full 0):
 garbage-first heap   total 346112K, used 284160K [0x0000000080000000, 0x0000000100000000)
  region size 1024K, 30 young (30720K), 6 survivors (6144K)
 Metaspace       used 108346K, committed 109184K, reserved 1146880K
  class space    used 14955K, committed 15360K, reserved 1048576K
}

